<?xml version="1.0" encoding="UTF-8" ?>
<testsuite errors="0" failures="0" hostname="Kompujtor" name="warmup.QuadraticTest" skipped="0" tests="8" time="0.517" timestamp="2017-08-27T21:35:16">
  <properties>
    <property name="java.vendor" value="Oracle Corporation" />
    <property name="sun.java.launcher" value="SUN_STANDARD" />
    <property name="sun.management.compiler" value="HotSpot Client Compiler" />
    <property name="build.sysclasspath" value="ignore" />
    <property name="os.name" value="Windows 10" />
    <property name="sun.boot.class.path" value="C:\Program Files (x86)\Java\jdk1.8.0_74\jre\lib\resources.jar;C:\Program Files (x86)\Java\jdk1.8.0_74\jre\lib\rt.jar;C:\Program Files (x86)\Java\jdk1.8.0_74\jre\lib\sunrsasign.jar;C:\Program Files (x86)\Java\jdk1.8.0_74\jre\lib\jsse.jar;C:\Program Files (x86)\Java\jdk1.8.0_74\jre\lib\jce.jar;C:\Program Files (x86)\Java\jdk1.8.0_74\jre\lib\charsets.jar;C:\Program Files (x86)\Java\jdk1.8.0_74\jre\lib\jfr.jar;C:\Program Files (x86)\Java\jdk1.8.0_74\jre\classes" />
    <property name="sun.desktop" value="windows" />
    <property name="java.vm.specification.vendor" value="Oracle Corporation" />
    <property name="ant.home" value="C:\Program Files (x86)\JetBrains\IntelliJ IDEA 2016.2.4\lib\ant" />
    <property name="java.runtime.version" value="1.8.0_74-b02" />
    <property name="user.name" value="Ladislav" />
    <property name="ant.build.javac.target" value="1.8" />
    <property name="user.language" value="en" />
    <property name="sun.boot.library.path" value="C:\Program Files (x86)\Java\jdk1.8.0_74\jre\bin" />
    <property name="grader.report.file" value="my-grader-report.xml" />
    <property name="ant.project.default-target" value="all" />
    <property name="java.version" value="1.8.0_74" />
    <property name="user.timezone" value="" />
    <property name="sun.arch.data.model" value="32" />
    <property name="java.endorsed.dirs" value="C:\Program Files (x86)\Java\jdk1.8.0_74\jre\lib\endorsed" />
    <property name="sun.cpu.isalist" value="pentium_pro+mmx pentium_pro pentium+mmx pentium i486 i386 i86" />
    <property name="sun.jnu.encoding" value="Cp1251" />
    <property name="file.encoding.pkg" value="sun.io" />
    <property name="file.separator" value="\" />
    <property name="java.specification.name" value="Java Platform API Specification" />
    <property name="java.class.version" value="52.0" />
    <property name="user.country" value="US" />
    <property name="java.home" value="C:\Program Files (x86)\Java\jdk1.8.0_74\jre" />
    <property name="java.vm.info" value="mixed mode" />
    <property name="ant.file" value="C:\Users\Ladislav\Desktop\ps1\grader.xml" />
    <property name="os.version" value="10.0" />
    <property name="final.grader.jar" value="ps1-final-grader.jar" />
    <property name="path.separator" value=";" />
    <property name="java.vm.version" value="25.74-b02" />
    <property name="user.variant" value="" />
    <property name="ant.library.dir" value="C:\Program Files (x86)\JetBrains\IntelliJ IDEA 2016.2.4\lib\ant\lib" />
    <property name="java.awt.printerjob" value="sun.awt.windows.WPrinterJob" />
    <property name="sun.io.unicode.encoding" value="UnicodeLittle" />
    <property name="awt.toolkit" value="sun.awt.windows.WToolkit" />
    <property name="user.script" value="" />
    <property name="user.home" value="C:\Users\Ladislav" />
    <property name="java.specification.vendor" value="Oracle Corporation" />
    <property name="which.tests.ran" value="BETA" />
    <property name="java.library.path" value="C:\Program Files (x86)\Java\jdk1.8.0_74\jre\bin;C:\WINDOWS\Sun\Java\bin;C:\WINDOWS\system32;C:\WINDOWS;C:\ProgramData\Oracle\Java\javapath;C:\Program Files (x86)\Intel\TXE Components\TCS\;C:\Program Files\Intel\TXE Components\TCS\;C:\WINDOWS\system32;C:\WINDOWS;C:\WINDOWS\System32\Wbem;C:\WINDOWS\System32\WindowsPowerShell\v1.0\;C:\Program Files (x86)\QuickTime\QTSystem\;c:\Program Files\Microsoft SQL Server\110\Tools\Binn\;c:\Program Files (x86)\Microsoft SQL Server\110\Tools\Binn\;c:\Program Files\Microsoft SQL Server\110\DTS\Binn\;c:\Program Files (x86)\Microsoft SQL Server\110\Tools\Binn\ManagementStudio\;c:\Program Files (x86)\Microsoft SQL Server\110\DTS\Binn\;C:\Program Files (x86)\GtkSharp\2.12\bin;C:\Program Files (x86)\Brackets\command;C:\Program Files (x86)\Skype\Phone\;C:\Users\Ladislav\AppData\Local\Android\Sdk\platform-tools;C:\Users\Ladislav\AppData\Local\Android\Sdk\tools;C:\Users\Ladislav\AppData\Local\Microsoft\WindowsApps;C:\sqlite;C:\Program Files (x86)\Java\jdk1.8.0_74\bin;C:\Users\Ladislav\AppData\Local\GitHub\PortableGit_d7effa1a4a322478cd29c826b52a0c118ad3db11\cmd;C:\Users\Ladislav\AppData\Local\Android\Sdk\platform-tools;C:\Users\Ladislav\AppData\Local\Android\Sdk\tools;." />
    <property name="java.vendor.url" value="http://java.oracle.com/" />
    <property name="java.vm.vendor" value="Oracle Corporation" />
    <property name="java.runtime.name" value="Java(TM) SE Runtime Environment" />
    <property name="beta.grader.jar" value="ps1-beta-grader.jar" />
    <property name="sun.java.command" value="org.apache.tools.ant.taskdefs.optional.junit.JUnitTestRunner warmup.QuadraticTest skipNonTests=false filtertrace=true haltOnError=false haltOnFailure=false showoutput=false outputtoformatters=true logfailedtests=true threadid=0 logtestlistenerevents=false formatter=org.apache.tools.ant.taskdefs.optional.junit.XMLJUnitResultFormatter,C:\Users\Ladislav\Desktop\ps1\.grader\TEST-warmup.QuadraticTest.xml crashfile=C:\Users\Ladislav\Desktop\ps1\.grader\junitvmwatcher2991907558738479419.properties propsfile=C:\Users\Ladislav\Desktop\ps1\.grader\junit9202712001766337600.properties" />
    <property name="java.class.path" value="C:\Users\Ladislav\Desktop\ps1\lib\junit-4.12.jar;C:\Users\Ladislav\Desktop\ps1\lib\hamcrest-core-1.3.jar;C:\Users\Ladislav\Desktop\ps1\.grader\bin-student;C:\Program Files (x86)\JetBrains\IntelliJ IDEA 2016.2.4\lib\ant\lib\ant-launcher.jar;C:\Program Files (x86)\JetBrains\IntelliJ IDEA 2016.2.4\lib\ant\lib\ant.jar;C:\Program Files (x86)\JetBrains\IntelliJ IDEA 2016.2.4\lib\ant\lib\ant-junit.jar;C:\Program Files (x86)\JetBrains\IntelliJ IDEA 2016.2.4\lib\ant\lib\ant-junit4.jar" />
    <property name="ant.version" value="Apache Ant(TM) version 1.9.4 compiled on April 29 2014" />
    <property name="project.name" value="ps1-warmup" />
    <property name="java.vm.specification.name" value="Java Virtual Machine Specification" />
    <property name="ant.file.type" value="file" />
    <property name="java.vm.specification.version" value="1.8" />
    <property name="sun.cpu.endian" value="little" />
    <property name="didit.desc" value="Running the tests we gave you with the problem set on your implementation." />
    <property name="sun.os.patch.level" value="" />
    <property name="java.io.tmpdir" value="C:\Users\Ladislav\AppData\Local\Temp\" />
    <property name="java.vendor.url.bug" value="http://bugreport.sun.com/bugreport/" />
    <property name="os.arch" value="x86" />
    <property name="java.awt.graphicsenv" value="sun.awt.Win32GraphicsEnvironment" />
    <property name="java.ext.dirs" value="C:\Program Files (x86)\Java\jdk1.8.0_74\jre\lib\ext;C:\WINDOWS\Sun\Java\lib\ext" />
    <property name="user.dir" value="C:\Users\Ladislav\Desktop\ps1" />
    <property name="line.separator" value="&#xd;&#xa;" />
    <property name="zipfile" value="my-submission.zip" />
    <property name="java.vm.name" value="Java HotSpot(TM) Client VM" />
    <property name="problem.set" value="ps1" />
    <property name="basedir" value="C:\Users\Ladislav\Desktop\ps1" />
    <property name="ant.java.version" value="1.8" />
    <property name="ant.core.lib" value="C:\Program Files (x86)\JetBrains\IntelliJ IDEA 2016.2.4\lib\ant\lib\ant.jar" />
    <property name="file.encoding" value="Cp1251" />
    <property name="java.specification.version" value="1.8" />
    <property name="grader.dir" value=".grader" />
    <property name="ant.project.invoked-targets" value="all" />
  </properties>
  <testcase classname="warmup.QuadraticTest" name="testOneRoot" time="0.0" />
  <testcase classname="warmup.QuadraticTest" name="testAssertionsEnabled" time="0.0" />
  <testcase classname="warmup.QuadraticTest" name="testOneZeroRoot" time="0.0" />
  <testcase classname="warmup.QuadraticTest" name="testPositiveRoots" time="0.0" />
  <testcase classname="warmup.QuadraticTest" name="testBothZeroRoots" time="0.0" />
  <testcase classname="warmup.QuadraticTest" name="testOppositeSignRoots" time="0.0" />
  <testcase classname="warmup.QuadraticTest" name="testNegativeRoots" time="0.0" />
  <testcase classname="warmup.QuadraticTest" name="testLargeRoots" time="0.0" />
  <system-out><![CDATA[]]></system-out>
  <system-err><![CDATA[]]></system-err>
</testsuite>
